<?xml version="1.0" encoding="UTF-8"?>
<testsuite name="com.client.ClientApplicationTests" tests="1" skipped="0" failures="0" errors="0" timestamp="2016-06-12T04:43:40" hostname="kunwookimui-MacBook-Pro.local" time="0.004">
  <properties/>
  <testcase name="contextLoads" classname="com.client.ClientApplicationTests" time="0.004"/>
  <system-out><![CDATA[13:43:38.294 [Test worker] DEBUG org.springframework.test.context.junit4.SpringJUnit4ClassRunner - SpringJUnit4ClassRunner constructor called with [class com.client.ClientApplicationTests]
13:43:38.299 [Test worker] DEBUG org.springframework.test.context.BootstrapUtils - Instantiating CacheAwareContextLoaderDelegate from class [org.springframework.test.context.cache.DefaultCacheAwareContextLoaderDelegate]
13:43:38.305 [Test worker] DEBUG org.springframework.test.context.BootstrapUtils - Instantiating BootstrapContext using constructor [public org.springframework.test.context.support.DefaultBootstrapContext(java.lang.Class,org.springframework.test.context.CacheAwareContextLoaderDelegate)]
13:43:38.314 [Test worker] DEBUG org.springframework.test.context.BootstrapUtils - Instantiating TestContextBootstrapper for test class [com.client.ClientApplicationTests] from class [org.springframework.test.context.support.DefaultTestContextBootstrapper]
13:43:38.337 [Test worker] DEBUG org.springframework.test.context.support.DefaultTestContextBootstrapper - Found explicit ContextLoader class [org.springframework.boot.test.SpringApplicationContextLoader] for context configuration attributes [ContextConfigurationAttributes@357c4210 declaringClass = 'com.client.ClientApplicationTests', classes = '{class com.client.ClientApplication}', locations = '{}', inheritLocations = true, initializers = '{}', inheritInitializers = true, name = [null], contextLoaderClass = 'org.springframework.boot.test.SpringApplicationContextLoader']
13:43:38.346 [Test worker] DEBUG org.springframework.test.context.support.AbstractContextLoader - Did not detect default resource location for test class [com.client.ClientApplicationTests]: class path resource [com/client/ClientApplicationTests-context.xml] does not exist
13:43:38.347 [Test worker] DEBUG org.springframework.test.context.support.AbstractContextLoader - Did not detect default resource location for test class [com.client.ClientApplicationTests]: class path resource [com/client/ClientApplicationTestsContext.groovy] does not exist
13:43:38.347 [Test worker] INFO org.springframework.test.context.support.AbstractContextLoader - Could not detect default resource locations for test class [com.client.ClientApplicationTests]: no resource found for suffixes {-context.xml, Context.groovy}.
13:43:38.349 [Test worker] DEBUG org.springframework.test.context.support.ActiveProfilesUtils - Could not find an 'annotation declaring class' for annotation type [org.springframework.test.context.ActiveProfiles] and class [com.client.ClientApplicationTests]
13:43:38.352 [Test worker] DEBUG org.springframework.test.context.support.DefaultTestContextBootstrapper - @TestExecutionListeners is not present for class [com.client.ClientApplicationTests]: using defaults.
13:43:38.359 [Test worker] INFO org.springframework.test.context.support.DefaultTestContextBootstrapper - Loaded default TestExecutionListener class names from location [META-INF/spring.factories]: [org.springframework.test.context.web.ServletTestExecutionListener, org.springframework.test.context.support.DirtiesContextBeforeModesTestExecutionListener, org.springframework.test.context.support.DependencyInjectionTestExecutionListener, org.springframework.test.context.support.DirtiesContextTestExecutionListener, org.springframework.test.context.transaction.TransactionalTestExecutionListener, org.springframework.test.context.jdbc.SqlScriptsTestExecutionListener]
13:43:38.377 [Test worker] INFO org.springframework.test.context.support.DefaultTestContextBootstrapper - Using TestExecutionListeners: [org.springframework.test.context.web.ServletTestExecutionListener@5efeb8f9, org.springframework.test.context.support.DirtiesContextBeforeModesTestExecutionListener@4093766e, org.springframework.test.context.support.DependencyInjectionTestExecutionListener@1d4c7279, org.springframework.test.context.support.DirtiesContextTestExecutionListener@5a37e52, org.springframework.test.context.transaction.TransactionalTestExecutionListener@2eb1276f, org.springframework.test.context.jdbc.SqlScriptsTestExecutionListener@754a14d1]
13:43:38.379 [Test worker] DEBUG org.springframework.test.annotation.ProfileValueUtils - Retrieved @ProfileValueSourceConfiguration [null] for test class [com.client.ClientApplicationTests]
13:43:38.379 [Test worker] DEBUG org.springframework.test.annotation.ProfileValueUtils - Retrieved ProfileValueSource type [class org.springframework.test.annotation.SystemProfileValueSource] for class [com.client.ClientApplicationTests]
13:43:38.380 [Test worker] DEBUG org.springframework.test.annotation.ProfileValueUtils - Retrieved @ProfileValueSourceConfiguration [null] for test class [com.client.ClientApplicationTests]
13:43:38.381 [Test worker] DEBUG org.springframework.test.annotation.ProfileValueUtils - Retrieved ProfileValueSource type [class org.springframework.test.annotation.SystemProfileValueSource] for class [com.client.ClientApplicationTests]
13:43:38.390 [Test worker] DEBUG org.springframework.test.context.support.AbstractDirtiesContextTestExecutionListener - Before test class: context [DefaultTestContext@392bcb4c testClass = ClientApplicationTests, testInstance = [null], testMethod = [null], testException = [null], mergedContextConfiguration = [MergedContextConfiguration@527f6c53 testClass = ClientApplicationTests, locations = '{}', classes = '{class com.client.ClientApplication}', contextInitializerClasses = '[]', activeProfiles = '{}', propertySourceLocations = '{}', propertySourceProperties = '{}', contextLoader = 'org.springframework.boot.test.SpringApplicationContextLoader', parent = [null]]], class annotated with @DirtiesContext [false] with mode [null].
13:43:38.392 [Test worker] DEBUG org.springframework.test.annotation.ProfileValueUtils - Retrieved @ProfileValueSourceConfiguration [null] for test class [com.client.ClientApplicationTests]
13:43:38.392 [Test worker] DEBUG org.springframework.test.annotation.ProfileValueUtils - Retrieved ProfileValueSource type [class org.springframework.test.annotation.SystemProfileValueSource] for class [com.client.ClientApplicationTests]
13:43:38.395 [Test worker] DEBUG org.springframework.test.context.support.DependencyInjectionTestExecutionListener - Performing dependency injection for test context [[DefaultTestContext@392bcb4c testClass = ClientApplicationTests, testInstance = com.client.ClientApplicationTests@7127238b, testMethod = [null], testException = [null], mergedContextConfiguration = [MergedContextConfiguration@527f6c53 testClass = ClientApplicationTests, locations = '{}', classes = '{class com.client.ClientApplication}', contextInitializerClasses = '[]', activeProfiles = '{}', propertySourceLocations = '{}', propertySourceProperties = '{}', contextLoader = 'org.springframework.boot.test.SpringApplicationContextLoader', parent = [null]]]].
13:43:38.475 [Test worker] DEBUG org.springframework.core.env.StandardEnvironment - Adding [systemProperties] PropertySource with lowest search precedence
13:43:38.476 [Test worker] DEBUG org.springframework.core.env.StandardEnvironment - Adding [systemEnvironment] PropertySource with lowest search precedence
13:43:38.476 [Test worker] DEBUG org.springframework.core.env.StandardEnvironment - Initialized StandardEnvironment with PropertySources [systemProperties,systemEnvironment]
13:43:38.478 [Test worker] DEBUG org.springframework.core.env.StandardEnvironment - Adding [integrationTest] PropertySource with search precedence immediately lower than [systemEnvironment]

  .   ____          _            __ _ _
 /\\ / ___'_ __ _ _(_)_ __  __ _ \ \ \ \
( ( )\___ | '_ | '_| | '_ \/ _` | \ \ \ \
 \\/  ___)| |_)| | | | | || (_| |  ) ) ) )
  '  |____| .__|_| |_|_| |_\__, | / / / /
 =========|_|==============|___/=/_/_/_/
 :: Spring Boot ::        (v1.3.5.RELEASE)

2016-06-12 13:43:39.098  INFO 16869 --- [    Test worker] com.client.ClientApplicationTests        : Starting ClientApplicationTests on kunwookimui-MacBook-Pro.local with PID 16869 (/Users/kunwookim/Downloads/Client/build/classes/test started by kunwookim in /Users/kunwookim/Downloads/Client)
2016-06-12 13:43:39.099  INFO 16869 --- [    Test worker] com.client.ClientApplicationTests        : No active profile set, falling back to default profiles: default
2016-06-12 13:43:39.161  INFO 16869 --- [    Test worker] s.c.a.AnnotationConfigApplicationContext : Refreshing org.springframework.context.annotation.AnnotationConfigApplicationContext@4cd1bc1: startup date [Sun Jun 12 13:43:39 KST 2016]; root of context hierarchy
2016-06-12 13:43:40.480  INFO 16869 --- [    Test worker] com.client.ClientApplicationTests        : Started ClientApplicationTests in 1.999 seconds (JVM running for 2.771)
]]></system-out>
  <system-err><![CDATA[]]></system-err>
</testsuite>
